<?xml version="1.0" encoding="UTF-8"?>
<!-- Generated by org.testng.reporters.JUnitReportReporter -->
<testsuite hostname="GT0151" failures="0" tests="3" name="PractoTest.PractoTestFile" time="220.618" errors="0" timestamp="24 Sep 2024 17:18:38 GMT" skipped="0">
  <testcase classname="PractoTest.PractoTestFile" name="validateSpecialization" time="53.596"/>
  <testcase classname="PractoTest.PractoTestFile" name="validateBookingDetails" time="133.307"/>
  <testcase classname="PractoTest.PractoTestFile" name="filterValidation" time="33.715"/>
</testsuite> <!-- PractoTest.PractoTestFile -->
